<?xml version="1.0" encoding="UTF-8"?>
<!-- Generated by org.testng.reporters.JUnitXMLReporter -->
<testsuite ignored="0" hostname="NWCHNLAP004" failures="0" tests="15" name="Test" time="528.597" errors="0" timestamp="2022-06-21T14:06:39 IST">
  <testcase classname="EHUB.GHR_CreateEmployee.CreateEmployee" name="createEmployee" time="55.736"/>
  <testcase classname="createMultipleDrafts.SaveNewdraft" name="saveNewDraft" time="95.871"/>
  <testcase classname="EHUB.GHR_CreateEmployee.OpenDraft_withSelectingAnyDraft" name="openDraft_withSelectingAnyDraft" time="30.191"/>
  <testcase classname="EHUB.GHR_CreateEmployee.CreateEmployee_WithduplicateglobalID_proceed" name="createEmployee_WithduplicateglobalID_proceed" time="46.59"/>
  <testcase classname="EHUB.GHR_CreateEmployee.Savedraft_multipletimes_UniqueName" name="savedraft_multipletimes_UniqueName" time="35.206"/>
  <testcase classname="EHUB.GHR_CreateEmployee.CreateEmployee_WithduplicateglobalID_Cancel" name="createEmployee_WithduplicateglobalID_Cancel" time="43.486"/>
  <testcase classname="EHUB.GHR_CreateEmployee.Delete_Single_Draft" name="deletsingleDraft" time="20.05"/>
  <testcase classname="EHUB.GHR_CreateEmployee.CreateEmployee_WithduplicateglobalID" name="createEmployee_WithduplicateglobalID" time="29.343"/>
  <testcase classname="EHUB.GHR_CreateEmployee.OpenDraft_WithoutSelectingAnyDraft" name="openDraft_WithoutSelectingAnyDraft" time="23.625"/>
  <testcase classname="EHUB.GHR_CreateEmployee.SaveNewdraft" name="saveNewDraft" time="52.93"/>
  <testcase classname="EHUB.GHR_CreateEmployee.Select_Draft_After_Creating_A_Draft" name="openDraft_withSelectingAnyDraft" time="17.214"/>
  <testcase classname="EHUB.GHR_CreateEmployee.Delete_Multiple_Drafts" name="deleteDraftClearAll" time="27.183"/>
  <testcase classname="EHUB.GHR_CreateEmployee.Delete_Multiple_Drafts" name="deleteDrafts" time="0.398"/>
  <testcase classname="EHUB.GHR_CreateEmployee.Savedraft_multipletimes_SameName" name="savedraft_multipletimes_SameName" time="33.519"/>
  <testcase classname="EHUB.GHR_CreateEmployee.DeleteDraftCloseBtn" name="deletDraftCloseBtn" time="17.201"/>
</testsuite> <!-- Test -->
