<?xml version="1.0" encoding="UTF-8"?>
<testng-results ignored="0" total="1" passed="1" failed="0" skipped="0">
  <reporter-output>
  </reporter-output>
  <suite started-at="2022-06-22T13:41:15 IST" name="Default suite" finished-at="2022-06-22T13:41:48 IST" duration-ms="33191">
    <groups>
    </groups>
    <test started-at="2022-06-22T13:41:15 IST" name="Default test" finished-at="2022-06-22T13:41:48 IST" duration-ms="33191">
      <class name="compliance_client_compliance_processor.getFilteredDataCount">
        <test-method signature="createEmployee()[pri:0, instance:compliance_client_compliance_processor.getFilteredDataCount@58695725]" started-at="2022-06-22T13:41:15 IST" name="createEmployee" finished-at="2022-06-22T13:41:48 IST" duration-ms="33176" status="PASS">
          <reporter-output>
          </reporter-output>
        </test-method> <!-- createEmployee -->
      </class> <!-- compliance_client_compliance_processor.getFilteredDataCount -->
    </test> <!-- Default test -->
  </suite> <!-- Default suite -->
</testng-results>
